<?xml version="1.0" encoding="UTF-8"?>
<!-- Generated by org.testng.reporters.JUnitReportReporter -->
<testsuite skipped="0" hostname="iSwasu" name="CompleteProgram.QAHomePage" tests="2" failures="0" timestamp="2020-08-16T12:32:16 IST" time="20.513" errors="0">
  <testcase name="run" time="11.289" classname="CompleteProgram.QAHomePage"/>
  <system-out/>
  <testcase name="run" time="9.224" classname="CompleteProgram.QAHomePage"/>
  <system-out/>
</testsuite> <!-- CompleteProgram.QAHomePage -->
