<?xml version="1.0" encoding="UTF-8"?>
<!-- Generated by org.testng.reporters.JUnitReportReporter -->
<testsuite skipped="0" hostname="iSwasu" name="CompleteProgram.validateTitle" tests="1" failures="0" timestamp="2020-08-16T12:32:16 IST" time="11.797" errors="0">
  <testcase name="Title" time="11.797" classname="CompleteProgram.validateTitle"/>
  <system-out/>
</testsuite> <!-- CompleteProgram.validateTitle -->
