<?xml version="1.0" encoding="UTF-8"?>
<!-- Generated by org.testng.reporters.JUnitReportReporter -->
<testsuite hostname="iSwasu" failures="0" tests="1" name="CompleteProgram.validateTitle" time="8.804" errors="0" timestamp="01 Aug 2020 17:28:01 GMT" skipped="0">
  <testcase classname="CompleteProgram.validateTitle" name="Title" time="8.804"/>
</testsuite> <!-- CompleteProgram.validateTitle -->
