<?xml version="1.0" encoding="UTF-8"?>
<!-- Generated by org.testng.reporters.JUnitReportReporter -->
<testsuite hostname="iSwasu" failures="0" tests="2" name="CompleteProgram.QAHomePage" time="26.290" errors="0" timestamp="01 Aug 2020 17:28:01 GMT" skipped="0">
  <testcase classname="CompleteProgram.QAHomePage" name="run" time="13.593"/>
  <testcase classname="CompleteProgram.QAHomePage" name="run" time="12.697"/>
</testsuite> <!-- CompleteProgram.QAHomePage -->
